


ARM Macro Assembler    Page 1 


    1 00000000         ;******************** (C) COPYRIGHT 2015 STMicroelectron
                       ics ********************
    2 00000000         ;* File Name          : startup_stm32l011xx.s
    3 00000000         ;* Author             : MCD Application Team
    4 00000000         ;* Version            : V1.7.0
    5 00000000         ;* Date               : 31-May-2016
    6 00000000         ;* Description        : STM32l011xx Devices vector table
                        for MDK-ARM toolchain.
    7 00000000         ;*                      This module performs:
    8 00000000         ;*                      - Set the initial SP
    9 00000000         ;*                      - Set the initial PC == Reset_Ha
                       ndler
   10 00000000         ;*                      - Set the vector table entries w
                       ith the exceptions ISR address
   11 00000000         ;*                      - Branches to __main in the C li
                       brary (which eventually
   12 00000000         ;*                        calls main()).
   13 00000000         ;*                      After Reset the Cortex-M0+ proce
                       ssor is in Thread mode,
   14 00000000         ;*                      priority is Privileged, and the 
                       Stack is set to Main.
   15 00000000         ;* <<< Use Configuration Wizard in Context Menu >>>   
   16 00000000         ;*******************************************************
                       ************************
   17 00000000         ;* 
   18 00000000         ;* Redistribution and use in source and binary forms, wi
                       th or without modification,
   19 00000000         ;* are permitted provided that the following conditions 
                       are met:
   20 00000000         ;*   1. Redistributions of source code must retain the a
                       bove copyright notice,
   21 00000000         ;*      this list of conditions and the following discla
                       imer.
   22 00000000         ;*   2. Redistributions in binary form must reproduce th
                       e above copyright notice,
   23 00000000         ;*      this list of conditions and the following discla
                       imer in the documentation
   24 00000000         ;*      and/or other materials provided with the distrib
                       ution.
   25 00000000         ;*   3. Neither the name of STMicroelectronics nor the n
                       ames of its contributors
   26 00000000         ;*      may be used to endorse or promote products deriv
                       ed from this software
   27 00000000         ;*      without specific prior written permission.
   28 00000000         ;*
   29 00000000         ;* THIS SOFTWARE IS PROVIDED BY THE COPYRIGHT HOLDERS AN
                       D CONTRIBUTORS "AS IS"
   30 00000000         ;* AND ANY EXPRESS OR IMPLIED WARRANTIES, INCLUDING, BUT
                        NOT LIMITED TO, THE
   31 00000000         ;* IMPLIED WARRANTIES OF MERCHANTABILITY AND FITNESS FOR
                        A PARTICULAR PURPOSE ARE
   32 00000000         ;* DISCLAIMED. IN NO EVENT SHALL THE COPYRIGHT HOLDER OR
                        CONTRIBUTORS BE LIABLE
   33 00000000         ;* FOR ANY DIRECT, INDIRECT, INCIDENTAL, SPECIAL, EXEMPL
                       ARY, OR CONSEQUENTIAL
   34 00000000         ;* DAMAGES (INCLUDING, BUT NOT LIMITED TO, PROCUREMENT O
                       F SUBSTITUTE GOODS OR
   35 00000000         ;* SERVICES; LOSS OF USE, DATA, OR PROFITS; OR BUSINESS 
                       INTERRUPTION) HOWEVER



ARM Macro Assembler    Page 2 


   36 00000000         ;* CAUSED AND ON ANY THEORY OF LIABILITY, WHETHER IN CON
                       TRACT, STRICT LIABILITY,
   37 00000000         ;* OR TORT (INCLUDING NEGLIGENCE OR OTHERWISE) ARISING I
                       N ANY WAY OUT OF THE USE
   38 00000000         ;* OF THIS SOFTWARE, EVEN IF ADVISED OF THE POSSIBILITY 
                       OF SUCH DAMAGE.
   39 00000000         ;*
   40 00000000         ;*******************************************************
                       ************************
   41 00000000         ;
   42 00000000         ; Amount of memory (in bytes) allocated for Stack
   43 00000000         ; Tailor this value to your application needs
   44 00000000         ; <h> Stack Configuration
   45 00000000         ;   <o> Stack Size (in Bytes) <0x0-0xFFFFFFFF:8>
   46 00000000         ; </h>
   47 00000000         
   48 00000000 00000480 
                       Stack_Size
                               EQU              0x480
   49 00000000         
   50 00000000                 AREA             STACK, NOINIT, READWRITE, ALIGN
=3
   51 00000000         Stack_Mem
                               SPACE            Stack_Size
   52 00000480         __initial_sp
   53 00000480         
   54 00000480         
   55 00000480         ; <h> Heap Configuration
   56 00000480         ;   <o>  Heap Size (in Bytes) <0x0-0xFFFFFFFF:8>
   57 00000480         ; </h>
   58 00000480         
   59 00000480 00000300 
                       Heap_Size
                               EQU              0x300
   60 00000480         
   61 00000480                 AREA             HEAP, NOINIT, READWRITE, ALIGN=
3
   62 00000000         __heap_base
   63 00000000         Heap_Mem
                               SPACE            Heap_Size
   64 00000300         __heap_limit
   65 00000300         
   66 00000300                 PRESERVE8
   67 00000300                 THUMB
   68 00000300         
   69 00000300         
   70 00000300         ; Vector Table Mapped to Address 0 at Reset
   71 00000300                 AREA             RESET, DATA, READONLY
   72 00000000                 EXPORT           __Vectors
   73 00000000                 EXPORT           __Vectors_End
   74 00000000                 EXPORT           __Vectors_Size
   75 00000000         
   76 00000000 00000000 
                       __Vectors
                               DCD              __initial_sp ; Top of Stack
   77 00000004 00000000        DCD              Reset_Handler ; Reset Handler
   78 00000008 00000000        DCD              NMI_Handler ; NMI Handler
   79 0000000C 00000000        DCD              HardFault_Handler ; Hard Fault 
                                                            Handler



ARM Macro Assembler    Page 3 


   80 00000010 00000000        DCD              0           ; Reserved
   81 00000014 00000000        DCD              0           ; Reserved
   82 00000018 00000000        DCD              0           ; Reserved
   83 0000001C 00000000        DCD              0           ; Reserved
   84 00000020 00000000        DCD              0           ; Reserved
   85 00000024 00000000        DCD              0           ; Reserved
   86 00000028 00000000        DCD              0           ; Reserved
   87 0000002C 00000000        DCD              SVC_Handler ; SVCall Handler
   88 00000030 00000000        DCD              0           ; Reserved
   89 00000034 00000000        DCD              0           ; Reserved
   90 00000038 00000000        DCD              PendSV_Handler ; PendSV Handler
                                                            
   91 0000003C 00000000        DCD              SysTick_Handler 
                                                            ; SysTick Handler
   92 00000040         
   93 00000040         ; External Interrupts
   94 00000040 00000000        DCD              WWDG_IRQHandler 
                                                            ; Window Watchdog
   95 00000044 00000000        DCD              PVD_IRQHandler ; PVD through EX
                                                            TI Line detect
   96 00000048 00000000        DCD              RTC_IRQHandler ; RTC through EX
                                                            TI Line
   97 0000004C 00000000        DCD              FLASH_IRQHandler ; FLASH
   98 00000050 00000000        DCD              RCC_IRQHandler ; RCC
   99 00000054 00000000        DCD              EXTI0_1_IRQHandler 
                                                            ; EXTI Line 0 and 1
                                                            
  100 00000058 00000000        DCD              EXTI2_3_IRQHandler 
                                                            ; EXTI Line 2 and 3
                                                            
  101 0000005C 00000000        DCD              EXTI4_15_IRQHandler 
                                                            ; EXTI Line 4 to 15
                                                            
  102 00000060 00000000        DCD              0           ; Reserved
  103 00000064 00000000        DCD              DMA1_Channel1_IRQHandler 
                                                            ; DMA1 Channel 1
  104 00000068 00000000        DCD              DMA1_Channel2_3_IRQHandler ; DM
                                                            A1 Channel 2 and Ch
                                                            annel 3
  105 0000006C 00000000        DCD              DMA1_Channel4_5_6_7_IRQHandler 
                                                            ; DMA1 Channel 4, C
                                                            hannel 5, Channel 6
                                                             and Channel 7
  106 00000070 00000000        DCD              ADC1_COMP_IRQHandler 
                                                            ; ADC1, COMP1
  107 00000074 00000000        DCD              LPTIM1_IRQHandler ; LPTIM1
  108 00000078 00000000        DCD              0           ; Reserved
  109 0000007C 00000000        DCD              TIM2_IRQHandler ; TIM2
  110 00000080 00000000        DCD              0           ; Reserved
  111 00000084 00000000        DCD              0           ; Reserved
  112 00000088 00000000        DCD              0           ; Reserved
  113 0000008C 00000000        DCD              0           ; Reserved
  114 00000090 00000000        DCD              TIM21_IRQHandler ; TIM21
  115 00000094 00000000        DCD              0           ; Reserved
  116 00000098 00000000        DCD              0           ; Reserved
  117 0000009C 00000000        DCD              I2C1_IRQHandler ; I2C1
  118 000000A0 00000000        DCD              0           ; Reserved
  119 000000A4 00000000        DCD              SPI1_IRQHandler ; SPI1
  120 000000A8 00000000        DCD              0           ; Reserved



ARM Macro Assembler    Page 4 


  121 000000AC 00000000        DCD              0           ; Reserved
  122 000000B0 00000000        DCD              USART2_IRQHandler ; USART2
  123 000000B4 00000000        DCD              LPUART1_IRQHandler ; LPUART1
  124 000000B8 00000000        DCD              0           ; Reserved
  125 000000BC 00000000        DCD              0           ; Reserved
  126 000000C0         
  127 000000C0         __Vectors_End
  128 000000C0         
  129 000000C0 000000C0 
                       __Vectors_Size
                               EQU              __Vectors_End - __Vectors
  130 000000C0         
  131 000000C0                 AREA             |.text|, CODE, READONLY
  132 00000000         
  133 00000000         ; Reset handler routine
  134 00000000         Reset_Handler
                               PROC
  135 00000000                 EXPORT           Reset_Handler                 [
WEAK]
  136 00000000                 IMPORT           __main
  137 00000000                 IMPORT           SystemInit
  138 00000000         
  139 00000000 480C            LDR              R0, =__initial_sp 
                                                            ; set stack pointer
                                                            
  140 00000002 F380 8808       MSR              MSP, R0
  141 00000006         
  142 00000006         ;;Check if boot space corresponds to system memory
  143 00000006         
  144 00000006 480C            LDR              R0,=0x00000004
  145 00000008 6801            LDR              R1, [R0]
  146 0000000A 0E09            LSRS             R1, R1, #24
  147 0000000C 4A0B            LDR              R2,=0x1F
  148 0000000E 4291            CMP              R1, R2
  149 00000010         
  150 00000010 D105            BNE              ApplicationStart
  151 00000012         
  152 00000012         ;; SYSCFG clock enable
  153 00000012         
  154 00000012 480B            LDR              R0,=0x40021034
  155 00000014 490B            LDR              R1,=0x00000001
  156 00000016 6001            STR              R1, [R0]
  157 00000018         
  158 00000018         ;; Set CFGR1 register with flash memory remap at address
                        0
  159 00000018         
  160 00000018 480B            LDR              R0,=0x40010000
  161 0000001A 490C            LDR              R1,=0x00000000
  162 0000001C 6001            STR              R1, [R0]
  163 0000001E         
  164 0000001E         ApplicationStart
  165 0000001E 480C            LDR              R0, =SystemInit
  166 00000020 4780            BLX              R0
  167 00000022 480C            LDR              R0, =__main
  168 00000024 4700            BX               R0
  169 00000026                 ENDP
  170 00000026         
  171 00000026         ; Dummy Exception Handlers (infinite loops which can be 
                       modified)



ARM Macro Assembler    Page 5 


  172 00000026         
  173 00000026         NMI_Handler
                               PROC
  174 00000026                 EXPORT           NMI_Handler                    
[WEAK]
  175 00000026 E7FE            B                .
  176 00000028                 ENDP
  178 00000028         HardFault_Handler
                               PROC
  179 00000028                 EXPORT           HardFault_Handler              
[WEAK]
  180 00000028 E7FE            B                .
  181 0000002A                 ENDP
  182 0000002A         SVC_Handler
                               PROC
  183 0000002A                 EXPORT           SVC_Handler                    
[WEAK]
  184 0000002A E7FE            B                .
  185 0000002C                 ENDP
  186 0000002C         PendSV_Handler
                               PROC
  187 0000002C                 EXPORT           PendSV_Handler                 
[WEAK]
  188 0000002C E7FE            B                .
  189 0000002E                 ENDP
  190 0000002E         SysTick_Handler
                               PROC
  191 0000002E                 EXPORT           SysTick_Handler                
[WEAK]
  192 0000002E E7FE            B                .
  193 00000030                 ENDP
  194 00000030         
  195 00000030         Default_Handler
                               PROC
  196 00000030         
  197 00000030                 EXPORT           WWDG_IRQHandler                
[WEAK]
  198 00000030                 EXPORT           PVD_IRQHandler                 
[WEAK]
  199 00000030                 EXPORT           RTC_IRQHandler                 
[WEAK]
  200 00000030                 EXPORT           FLASH_IRQHandler               
[WEAK]
  201 00000030                 EXPORT           RCC_IRQHandler                 
[WEAK]
  202 00000030                 EXPORT           EXTI0_1_IRQHandler             
[WEAK]
  203 00000030                 EXPORT           EXTI2_3_IRQHandler             
[WEAK]
  204 00000030                 EXPORT           EXTI4_15_IRQHandler            
[WEAK]
  205 00000030                 EXPORT           DMA1_Channel1_IRQHandler       
[WEAK]
  206 00000030                 EXPORT           DMA1_Channel2_3_IRQHandler     
[WEAK]
  207 00000030                 EXPORT           DMA1_Channel4_5_6_7_IRQHandler 
[WEAK]
  208 00000030                 EXPORT           ADC1_COMP_IRQHandler           
[WEAK]



ARM Macro Assembler    Page 6 


  209 00000030                 EXPORT           LPTIM1_IRQHandler              
[WEAK]
  210 00000030                 EXPORT           TIM2_IRQHandler                
[WEAK]
  211 00000030                 EXPORT           TIM21_IRQHandler               
[WEAK]
  212 00000030                 EXPORT           I2C1_IRQHandler                
[WEAK]
  213 00000030                 EXPORT           SPI1_IRQHandler                
[WEAK]
  214 00000030                 EXPORT           USART2_IRQHandler              
[WEAK]
  215 00000030                 EXPORT           LPUART1_IRQHandler             
[WEAK]
  216 00000030         
  217 00000030         WWDG_IRQHandler
  218 00000030         PVD_IRQHandler
  219 00000030         RTC_IRQHandler
  220 00000030         FLASH_IRQHandler
  221 00000030         RCC_IRQHandler
  222 00000030         EXTI0_1_IRQHandler
  223 00000030         EXTI2_3_IRQHandler
  224 00000030         EXTI4_15_IRQHandler
  225 00000030         DMA1_Channel1_IRQHandler
  226 00000030         DMA1_Channel2_3_IRQHandler
  227 00000030         DMA1_Channel4_5_6_7_IRQHandler
  228 00000030         ADC1_COMP_IRQHandler
  229 00000030         LPTIM1_IRQHandler
  230 00000030         TIM2_IRQHandler
  231 00000030         TIM21_IRQHandler
  232 00000030         I2C1_IRQHandler
  233 00000030         SPI1_IRQHandler
  234 00000030         USART2_IRQHandler
  235 00000030         LPUART1_IRQHandler
  236 00000030         
  237 00000030 E7FE            B                .
  238 00000032         
  239 00000032                 ENDP
  240 00000032         
  241 00000032 00 00           ALIGN
  242 00000034         
  243 00000034         ;*******************************************************
                       ************************
  244 00000034         ; User Stack and Heap initialization
  245 00000034         ;*******************************************************
                       ************************
  246 00000034                 IF               :DEF:__MICROLIB
  247 00000034         
  248 00000034                 EXPORT           __initial_sp
  249 00000034                 EXPORT           __heap_base
  250 00000034                 EXPORT           __heap_limit
  251 00000034         
  252 00000034                 ELSE
  267                          ENDIF
  268 00000034         
  269 00000034                 END
              00000000 
              00000004 
              0000001F 



ARM Macro Assembler    Page 7 


              40021034 
              00000001 
              40010000 
              00000000 
              00000000 
              00000000 
Command Line: --debug --xref --diag_suppress=9931 --cpu=Cortex-M0+ --apcs=inter
work --depend=ledtest\startup_stm32l011xx.d -oledtest\startup_stm32l011xx.o -IF
:\ËÉÉ½ºþ¹¤×÷½»½Ó\½»½Ó\No5.RGB5050µ×°å(Ô²ÐÎ)\¹ØÁªµÄ×ÊÁÏ\LEDÇý¶¯³ÌÐò\2016-8-28²âÊ
ÔOK\LEDTEST\MDK-ARM\RTE\_LEDTEST -IC:\myKeil_v5\ARM\PACK\ARM\CMSIS\5.0.0\CMSIS\
Include -IC:\myKeil_v5\ARM\PACK\Keil\STM32L0xx_DFP\1.6.0\Device\Include --prede
fine="__MICROLIB SETA 1" --predefine="__UVISION_VERSION SETA 522" --predefine="
_RTE_ SETA 1" --predefine="STM32L011xx SETA 1" --list=startup_stm32l011xx.lst s
tartup_stm32l011xx.s



ARM Macro Assembler    Page 1 Alphabetic symbol ordering
Relocatable symbols

STACK 00000000

Symbol: STACK
   Definitions
      At line 50 in file startup_stm32l011xx.s
   Uses
      None
Comment: STACK unused
Stack_Mem 00000000

Symbol: Stack_Mem
   Definitions
      At line 51 in file startup_stm32l011xx.s
   Uses
      None
Comment: Stack_Mem unused
__initial_sp 00000480

Symbol: __initial_sp
   Definitions
      At line 52 in file startup_stm32l011xx.s
   Uses
      At line 76 in file startup_stm32l011xx.s
      At line 139 in file startup_stm32l011xx.s
      At line 248 in file startup_stm32l011xx.s

3 symbols



ARM Macro Assembler    Page 1 Alphabetic symbol ordering
Relocatable symbols

HEAP 00000000

Symbol: HEAP
   Definitions
      At line 61 in file startup_stm32l011xx.s
   Uses
      None
Comment: HEAP unused
Heap_Mem 00000000

Symbol: Heap_Mem
   Definitions
      At line 63 in file startup_stm32l011xx.s
   Uses
      None
Comment: Heap_Mem unused
__heap_base 00000000

Symbol: __heap_base
   Definitions
      At line 62 in file startup_stm32l011xx.s
   Uses
      At line 249 in file startup_stm32l011xx.s
Comment: __heap_base used once
__heap_limit 00000300

Symbol: __heap_limit
   Definitions
      At line 64 in file startup_stm32l011xx.s
   Uses
      At line 250 in file startup_stm32l011xx.s
Comment: __heap_limit used once
4 symbols



ARM Macro Assembler    Page 1 Alphabetic symbol ordering
Relocatable symbols

RESET 00000000

Symbol: RESET
   Definitions
      At line 71 in file startup_stm32l011xx.s
   Uses
      None
Comment: RESET unused
__Vectors 00000000

Symbol: __Vectors
   Definitions
      At line 76 in file startup_stm32l011xx.s
   Uses
      At line 72 in file startup_stm32l011xx.s
      At line 129 in file startup_stm32l011xx.s

__Vectors_End 000000C0

Symbol: __Vectors_End
   Definitions
      At line 127 in file startup_stm32l011xx.s
   Uses
      At line 73 in file startup_stm32l011xx.s
      At line 129 in file startup_stm32l011xx.s

3 symbols



ARM Macro Assembler    Page 1 Alphabetic symbol ordering
Relocatable symbols

.text 00000000

Symbol: .text
   Definitions
      At line 131 in file startup_stm32l011xx.s
   Uses
      None
Comment: .text unused
ADC1_COMP_IRQHandler 00000030

Symbol: ADC1_COMP_IRQHandler
   Definitions
      At line 228 in file startup_stm32l011xx.s
   Uses
      At line 106 in file startup_stm32l011xx.s
      At line 208 in file startup_stm32l011xx.s

ApplicationStart 0000001E

Symbol: ApplicationStart
   Definitions
      At line 164 in file startup_stm32l011xx.s
   Uses
      At line 150 in file startup_stm32l011xx.s
Comment: ApplicationStart used once
DMA1_Channel1_IRQHandler 00000030

Symbol: DMA1_Channel1_IRQHandler
   Definitions
      At line 225 in file startup_stm32l011xx.s
   Uses
      At line 103 in file startup_stm32l011xx.s
      At line 205 in file startup_stm32l011xx.s

DMA1_Channel2_3_IRQHandler 00000030

Symbol: DMA1_Channel2_3_IRQHandler
   Definitions
      At line 226 in file startup_stm32l011xx.s
   Uses
      At line 104 in file startup_stm32l011xx.s
      At line 206 in file startup_stm32l011xx.s

DMA1_Channel4_5_6_7_IRQHandler 00000030

Symbol: DMA1_Channel4_5_6_7_IRQHandler
   Definitions
      At line 227 in file startup_stm32l011xx.s
   Uses
      At line 105 in file startup_stm32l011xx.s
      At line 207 in file startup_stm32l011xx.s

Default_Handler 00000030

Symbol: Default_Handler
   Definitions
      At line 195 in file startup_stm32l011xx.s
   Uses
      None



ARM Macro Assembler    Page 2 Alphabetic symbol ordering
Relocatable symbols

Comment: Default_Handler unused
EXTI0_1_IRQHandler 00000030

Symbol: EXTI0_1_IRQHandler
   Definitions
      At line 222 in file startup_stm32l011xx.s
   Uses
      At line 99 in file startup_stm32l011xx.s
      At line 202 in file startup_stm32l011xx.s

EXTI2_3_IRQHandler 00000030

Symbol: EXTI2_3_IRQHandler
   Definitions
      At line 223 in file startup_stm32l011xx.s
   Uses
      At line 100 in file startup_stm32l011xx.s
      At line 203 in file startup_stm32l011xx.s

EXTI4_15_IRQHandler 00000030

Symbol: EXTI4_15_IRQHandler
   Definitions
      At line 224 in file startup_stm32l011xx.s
   Uses
      At line 101 in file startup_stm32l011xx.s
      At line 204 in file startup_stm32l011xx.s

FLASH_IRQHandler 00000030

Symbol: FLASH_IRQHandler
   Definitions
      At line 220 in file startup_stm32l011xx.s
   Uses
      At line 97 in file startup_stm32l011xx.s
      At line 200 in file startup_stm32l011xx.s

HardFault_Handler 00000028

Symbol: HardFault_Handler
   Definitions
      At line 178 in file startup_stm32l011xx.s
   Uses
      At line 79 in file startup_stm32l011xx.s
      At line 179 in file startup_stm32l011xx.s

I2C1_IRQHandler 00000030

Symbol: I2C1_IRQHandler
   Definitions
      At line 232 in file startup_stm32l011xx.s
   Uses
      At line 117 in file startup_stm32l011xx.s
      At line 212 in file startup_stm32l011xx.s

LPTIM1_IRQHandler 00000030

Symbol: LPTIM1_IRQHandler
   Definitions



ARM Macro Assembler    Page 3 Alphabetic symbol ordering
Relocatable symbols

      At line 229 in file startup_stm32l011xx.s
   Uses
      At line 107 in file startup_stm32l011xx.s
      At line 209 in file startup_stm32l011xx.s

LPUART1_IRQHandler 00000030

Symbol: LPUART1_IRQHandler
   Definitions
      At line 235 in file startup_stm32l011xx.s
   Uses
      At line 123 in file startup_stm32l011xx.s
      At line 215 in file startup_stm32l011xx.s

NMI_Handler 00000026

Symbol: NMI_Handler
   Definitions
      At line 173 in file startup_stm32l011xx.s
   Uses
      At line 78 in file startup_stm32l011xx.s
      At line 174 in file startup_stm32l011xx.s

PVD_IRQHandler 00000030

Symbol: PVD_IRQHandler
   Definitions
      At line 218 in file startup_stm32l011xx.s
   Uses
      At line 95 in file startup_stm32l011xx.s
      At line 198 in file startup_stm32l011xx.s

PendSV_Handler 0000002C

Symbol: PendSV_Handler
   Definitions
      At line 186 in file startup_stm32l011xx.s
   Uses
      At line 90 in file startup_stm32l011xx.s
      At line 187 in file startup_stm32l011xx.s

RCC_IRQHandler 00000030

Symbol: RCC_IRQHandler
   Definitions
      At line 221 in file startup_stm32l011xx.s
   Uses
      At line 98 in file startup_stm32l011xx.s
      At line 201 in file startup_stm32l011xx.s

RTC_IRQHandler 00000030

Symbol: RTC_IRQHandler
   Definitions
      At line 219 in file startup_stm32l011xx.s
   Uses
      At line 96 in file startup_stm32l011xx.s
      At line 199 in file startup_stm32l011xx.s




ARM Macro Assembler    Page 4 Alphabetic symbol ordering
Relocatable symbols

Reset_Handler 00000000

Symbol: Reset_Handler
   Definitions
      At line 134 in file startup_stm32l011xx.s
   Uses
      At line 77 in file startup_stm32l011xx.s
      At line 135 in file startup_stm32l011xx.s

SPI1_IRQHandler 00000030

Symbol: SPI1_IRQHandler
   Definitions
      At line 233 in file startup_stm32l011xx.s
   Uses
      At line 119 in file startup_stm32l011xx.s
      At line 213 in file startup_stm32l011xx.s

SVC_Handler 0000002A

Symbol: SVC_Handler
   Definitions
      At line 182 in file startup_stm32l011xx.s
   Uses
      At line 87 in file startup_stm32l011xx.s
      At line 183 in file startup_stm32l011xx.s

SysTick_Handler 0000002E

Symbol: SysTick_Handler
   Definitions
      At line 190 in file startup_stm32l011xx.s
   Uses
      At line 91 in file startup_stm32l011xx.s
      At line 191 in file startup_stm32l011xx.s

TIM21_IRQHandler 00000030

Symbol: TIM21_IRQHandler
   Definitions
      At line 231 in file startup_stm32l011xx.s
   Uses
      At line 114 in file startup_stm32l011xx.s
      At line 211 in file startup_stm32l011xx.s

TIM2_IRQHandler 00000030

Symbol: TIM2_IRQHandler
   Definitions
      At line 230 in file startup_stm32l011xx.s
   Uses
      At line 109 in file startup_stm32l011xx.s
      At line 210 in file startup_stm32l011xx.s

USART2_IRQHandler 00000030

Symbol: USART2_IRQHandler
   Definitions
      At line 234 in file startup_stm32l011xx.s



ARM Macro Assembler    Page 5 Alphabetic symbol ordering
Relocatable symbols

   Uses
      At line 122 in file startup_stm32l011xx.s
      At line 214 in file startup_stm32l011xx.s

WWDG_IRQHandler 00000030

Symbol: WWDG_IRQHandler
   Definitions
      At line 217 in file startup_stm32l011xx.s
   Uses
      At line 94 in file startup_stm32l011xx.s
      At line 197 in file startup_stm32l011xx.s

28 symbols



ARM Macro Assembler    Page 1 Alphabetic symbol ordering
Absolute symbols

Heap_Size 00000300

Symbol: Heap_Size
   Definitions
      At line 59 in file startup_stm32l011xx.s
   Uses
      At line 63 in file startup_stm32l011xx.s
Comment: Heap_Size used once
Stack_Size 00000480

Symbol: Stack_Size
   Definitions
      At line 48 in file startup_stm32l011xx.s
   Uses
      At line 51 in file startup_stm32l011xx.s
Comment: Stack_Size used once
__Vectors_Size 000000C0

Symbol: __Vectors_Size
   Definitions
      At line 129 in file startup_stm32l011xx.s
   Uses
      At line 74 in file startup_stm32l011xx.s
Comment: __Vectors_Size used once
3 symbols



ARM Macro Assembler    Page 1 Alphabetic symbol ordering
External symbols

SystemInit 00000000

Symbol: SystemInit
   Definitions
      At line 137 in file startup_stm32l011xx.s
   Uses
      At line 165 in file startup_stm32l011xx.s
Comment: SystemInit used once
__main 00000000

Symbol: __main
   Definitions
      At line 136 in file startup_stm32l011xx.s
   Uses
      At line 167 in file startup_stm32l011xx.s
Comment: __main used once
2 symbols
379 symbols in table
